mode: set
/Users/iqbalrahmatullah/Desktop/submission_arithmetic_calculator/arithmetics_calculator.go:10.28,12.2 1 0
/Users/iqbalrahmatullah/Desktop/submission_arithmetic_calculator/arithmetics_calculator.go:15.24,16.11 1 1
/Users/iqbalrahmatullah/Desktop/submission_arithmetic_calculator/arithmetics_calculator.go:16.11,18.3 1 1
/Users/iqbalrahmatullah/Desktop/submission_arithmetic_calculator/arithmetics_calculator.go:19.2,19.10 1 1
/Users/iqbalrahmatullah/Desktop/submission_arithmetic_calculator/arithmetics_calculator.go:23.30,26.2 2 1
/Users/iqbalrahmatullah/Desktop/submission_arithmetic_calculator/arithmetics_calculator.go:28.64,32.28 2 1
/Users/iqbalrahmatullah/Desktop/submission_arithmetic_calculator/arithmetics_calculator.go:32.28,34.3 1 1
/Users/iqbalrahmatullah/Desktop/submission_arithmetic_calculator/arithmetics_calculator.go:37.2,39.23 2 1
/Users/iqbalrahmatullah/Desktop/submission_arithmetic_calculator/arithmetics_calculator.go:39.23,42.3 2 1
/Users/iqbalrahmatullah/Desktop/submission_arithmetic_calculator/arithmetics_calculator.go:45.2,46.35 2 1
/Users/iqbalrahmatullah/Desktop/submission_arithmetic_calculator/arithmetics_calculator.go:46.35,49.3 2 1
/Users/iqbalrahmatullah/Desktop/submission_arithmetic_calculator/arithmetics_calculator.go:50.2,51.32 2 1
/Users/iqbalrahmatullah/Desktop/submission_arithmetic_calculator/arithmetics_calculator.go:51.32,53.29 2 1
/Users/iqbalrahmatullah/Desktop/submission_arithmetic_calculator/arithmetics_calculator.go:53.29,56.4 2 1
/Users/iqbalrahmatullah/Desktop/submission_arithmetic_calculator/arithmetics_calculator.go:60.2,61.35 2 1
/Users/iqbalrahmatullah/Desktop/submission_arithmetic_calculator/arithmetics_calculator.go:61.35,64.3 2 1
/Users/iqbalrahmatullah/Desktop/submission_arithmetic_calculator/arithmetics_calculator.go:65.2,65.33 1 1
/Users/iqbalrahmatullah/Desktop/submission_arithmetic_calculator/arithmetics_calculator.go:65.33,66.49 1 1
/Users/iqbalrahmatullah/Desktop/submission_arithmetic_calculator/arithmetics_calculator.go:66.49,69.4 2 1
/Users/iqbalrahmatullah/Desktop/submission_arithmetic_calculator/arithmetics_calculator.go:70.3,70.22 1 1
/Users/iqbalrahmatullah/Desktop/submission_arithmetic_calculator/arithmetics_calculator.go:70.22,73.4 2 1
/Users/iqbalrahmatullah/Desktop/submission_arithmetic_calculator/arithmetics_calculator.go:77.2,81.39 5 1
/Users/iqbalrahmatullah/Desktop/submission_arithmetic_calculator/arithmetics_calculator.go:81.39,84.26 3 1
/Users/iqbalrahmatullah/Desktop/submission_arithmetic_calculator/arithmetics_calculator.go:84.26,86.4 1 1
/Users/iqbalrahmatullah/Desktop/submission_arithmetic_calculator/arithmetics_calculator.go:87.3,88.26 2 1
/Users/iqbalrahmatullah/Desktop/submission_arithmetic_calculator/arithmetics_calculator.go:88.26,90.4 1 1
/Users/iqbalrahmatullah/Desktop/submission_arithmetic_calculator/arithmetics_calculator.go:91.3,92.29 2 1
/Users/iqbalrahmatullah/Desktop/submission_arithmetic_calculator/arithmetics_calculator.go:92.29,94.4 1 1
/Users/iqbalrahmatullah/Desktop/submission_arithmetic_calculator/arithmetics_calculator.go:94.9,96.4 1 1
/Users/iqbalrahmatullah/Desktop/submission_arithmetic_calculator/arithmetics_calculator.go:97.3,100.26 3 1
/Users/iqbalrahmatullah/Desktop/submission_arithmetic_calculator/arithmetics_calculator.go:100.26,104.4 3 1
/Users/iqbalrahmatullah/Desktop/submission_arithmetic_calculator/arithmetics_calculator.go:107.2,108.39 2 1
/Users/iqbalrahmatullah/Desktop/submission_arithmetic_calculator/arithmetics_calculator.go:108.39,111.26 3 1
/Users/iqbalrahmatullah/Desktop/submission_arithmetic_calculator/arithmetics_calculator.go:111.26,113.4 1 1
/Users/iqbalrahmatullah/Desktop/submission_arithmetic_calculator/arithmetics_calculator.go:116.2,116.19 1 1
/Users/iqbalrahmatullah/Desktop/submission_arithmetic_calculator/arithmetics_calculator.go:116.19,118.3 1 1
/Users/iqbalrahmatullah/Desktop/submission_arithmetic_calculator/arithmetics_calculator.go:118.8,120.3 1 1
/Users/iqbalrahmatullah/Desktop/submission_arithmetic_calculator/arithmetics_calculator.go:121.2,121.25 1 1
